<?xml version="1.0" encoding="UTF-8"?>
<!-- Generated by org.testng.reporters.JUnitReportReporter -->
<testsuite hostname="LAPTOP-NT62VGN0" failures="0" tests="1" name="tests.SoapXMLRequest" time="2.950" errors="0" timestamp="2023-06-03T15:54:46 EDT" skipped="0">
  <testcase classname="tests.SoapXMLRequest" name="validateSoapXML" time="2.950"/>
  <system-out/>
</testsuite> <!-- tests.SoapXMLRequest -->
