<?xml version="1.0" encoding="UTF-8"?>
<!-- Generated by org.testng.reporters.JUnitReportReporter -->
<testsuite hostname="LAPTOP-NT62VGN0" failures="0" tests="3" name="tests.PutPatchDeletExamples" time="3.003" errors="0" timestamp="2023-05-31T20:20:49 EDT" skipped="0">
  <testcase classname="tests.PutPatchDeletExamples" name="testPut" time="0.417"/>
  <system-out/>
  <testcase classname="tests.PutPatchDeletExamples" name="testDelete" time="2.062"/>
  <system-out/>
  <testcase classname="tests.PutPatchDeletExamples" name="testPatch" time="0.524"/>
  <system-out/>
</testsuite> <!-- tests.PutPatchDeletExamples -->
