<?xml version="1.0" encoding="UTF-8"?>
<!-- Generated by org.testng.reporters.JUnitReportReporter -->
<testsuite hostname="LAPTOP-NT62VGN0" failures="0" tests="1" name="tests.GetAndPostExamples" time="2.391" errors="0" timestamp="2023-05-30T22:06:46 EDT" skipped="0">
  <testcase classname="tests.GetAndPostExamples" name="testPost" time="2.391"/>
  <system-out/>
</testsuite> <!-- tests.GetAndPostExamples -->
