<?xml version="1.0" encoding="UTF-8"?>
<!-- Generated by org.testng.reporters.JUnitReportReporter -->
<testsuite hostname="LAPTOP-NT62VGN0" failures="0" tests="1" name="tests.TestsOnLocalAPI" time="5.336" errors="0" timestamp="2023-06-05T18:16:36 EDT" skipped="0">
  <testcase classname="tests.TestsOnLocalAPI" name="Post" time="5.336"/>
  <system-out/>
</testsuite> <!-- tests.TestsOnLocalAPI -->
